0 info it worked if it ends with ok
1 verbose cli [ 'E:\\nodejs\\node.exe',
1 verbose cli   'E:\\nodejs\\node_modules\\npm\\bin\\npm-cli.js',
1 verbose cli   'install',
1 verbose cli   'fis3-postpackager-loader' ]
2 info using npm@3.9.3
3 info using node@v6.2.1
4 silly loadCurrentTree Starting
5 silly install loadCurrentTree
6 silly install readLocalPackageData
7 silly fetchPackageMetaData fis3-postpackager-loader
8 silly fetchNamedPackageData fis3-postpackager-loader
9 silly mapToRegistry name fis3-postpackager-loader
10 silly mapToRegistry using default registry
11 silly mapToRegistry registry https://registry.npm.taobao.org/
12 silly mapToRegistry data Result {
12 silly mapToRegistry   raw: 'fis3-postpackager-loader',
12 silly mapToRegistry   scope: null,
12 silly mapToRegistry   name: 'fis3-postpackager-loader',
12 silly mapToRegistry   rawSpec: '',
12 silly mapToRegistry   spec: 'latest',
12 silly mapToRegistry   type: 'tag' }
13 silly mapToRegistry uri https://registry.npm.taobao.org/fis3-postpackager-loader
14 verbose request uri https://registry.npm.taobao.org/fis3-postpackager-loader
15 verbose request no auth needed
16 info attempt registry request try #1 at 23:28:58
17 verbose request id afab26a9e60c7a1f
18 http request GET https://registry.npm.taobao.org/fis3-postpackager-loader
19 http 200 https://registry.npm.taobao.org/fis3-postpackager-loader
20 verbose headers { date: 'Wed, 20 Jul 2016 15:28:04 GMT',
20 verbose headers   'content-type': 'application/json; charset=utf-8',
20 verbose headers   'content-length': '95634',
20 verbose headers   connection: 'keep-alive',
20 verbose headers   etag: '"17592-uqljG/JEc9jOuxcBZDcMYg"',
20 verbose headers   'x-readtime': '73' }
21 silly get cb [ 200,
21 silly get   { date: 'Wed, 20 Jul 2016 15:28:04 GMT',
21 silly get     'content-type': 'application/json; charset=utf-8',
21 silly get     'content-length': '95634',
21 silly get     connection: 'keep-alive',
21 silly get     etag: '"17592-uqljG/JEc9jOuxcBZDcMYg"',
21 silly get     'x-readtime': '73' } ]
22 verbose get saving fis3-postpackager-loader to C:\Users\Administrator\AppData\Roaming\npm-cache\registry.npm.taobao.org\fis3-postpackager-loader\.cache.json
23 verbose correctMkdir C:\Users\Administrator\AppData\Roaming\npm-cache correctMkdir not in flight; initializing
24 silly install normalizeTree
25 silly loadCurrentTree Finishing
26 silly loadIdealTree Starting
27 silly install loadIdealTree
28 silly cloneCurrentTree Starting
29 silly install cloneCurrentTreeToIdealTree
30 silly cloneCurrentTree Finishing
31 silly loadShrinkwrap Starting
32 silly install loadShrinkwrap
33 silly loadShrinkwrap Finishing
34 silly loadAllDepsIntoIdealTree Starting
35 silly install loadAllDepsIntoIdealTree
36 silly resolveWithNewModule fis3-postpackager-loader@2.0.5 checking installable status
37 silly cache add args [ 'fis3-postpackager-loader', null ]
38 verbose cache add spec fis3-postpackager-loader
39 silly cache add parsed spec Result {
39 silly cache add   raw: 'fis3-postpackager-loader',
39 silly cache add   scope: null,
39 silly cache add   name: 'fis3-postpackager-loader',
39 silly cache add   rawSpec: '',
39 silly cache add   spec: 'latest',
39 silly cache add   type: 'tag' }
40 silly addNamed fis3-postpackager-loader@latest
41 verbose addNamed "latest" is being treated as a dist-tag for fis3-postpackager-loader
42 info addNameTag [ 'fis3-postpackager-loader', 'latest' ]
43 silly mapToRegistry name fis3-postpackager-loader
44 silly mapToRegistry using default registry
45 silly mapToRegistry registry https://registry.npm.taobao.org/
46 silly mapToRegistry data Result {
46 silly mapToRegistry   raw: 'fis3-postpackager-loader',
46 silly mapToRegistry   scope: null,
46 silly mapToRegistry   name: 'fis3-postpackager-loader',
46 silly mapToRegistry   rawSpec: '',
46 silly mapToRegistry   spec: 'latest',
46 silly mapToRegistry   type: 'tag' }
47 silly mapToRegistry uri https://registry.npm.taobao.org/fis3-postpackager-loader
48 verbose addNameTag registry:https://registry.npm.taobao.org/fis3-postpackager-loader not in flight; fetching
49 verbose get https://registry.npm.taobao.org/fis3-postpackager-loader not expired, no request
50 silly addNameTag next cb for fis3-postpackager-loader with tag latest
51 silly addNamed fis3-postpackager-loader@2.0.5
52 verbose addNamed "2.0.5" is a plain semver version for fis3-postpackager-loader
53 silly mapToRegistry name fis3-postpackager-loader
54 silly mapToRegistry using default registry
55 silly mapToRegistry registry https://registry.npm.taobao.org/
56 silly mapToRegistry data Result {
56 silly mapToRegistry   raw: 'fis3-postpackager-loader',
56 silly mapToRegistry   scope: null,
56 silly mapToRegistry   name: 'fis3-postpackager-loader',
56 silly mapToRegistry   rawSpec: '',
56 silly mapToRegistry   spec: 'latest',
56 silly mapToRegistry   type: 'tag' }
57 silly mapToRegistry uri https://registry.npm.taobao.org/fis3-postpackager-loader
58 verbose addRemoteTarball https://registry.npm.taobao.org/fis3-postpackager-loader/download/fis3-postpackager-loader-2.0.5.tgz not in flight; adding
59 verbose addRemoteTarball [ 'https://registry.npm.taobao.org/fis3-postpackager-loader/download/fis3-postpackager-loader-2.0.5.tgz',
59 verbose addRemoteTarball   'a96a34fb2523c1607f203c94a4a6d53fa83d5a9a' ]
60 info retry fetch attempt 1 at 23:29:00
61 info attempt registry request try #1 at 23:29:00
62 http fetch GET https://registry.npm.taobao.org/fis3-postpackager-loader/download/fis3-postpackager-loader-2.0.5.tgz
63 http fetch 200 https://registry.npm.taobao.org/fis3-postpackager-loader/download/fis3-postpackager-loader-2.0.5.tgz
64 silly fetchAndShaCheck shasum a96a34fb2523c1607f203c94a4a6d53fa83d5a9a
65 verbose addTmpTarball C:\Users\ADMINI~1\AppData\Local\Temp\npm-3648-aa9a7f21\registry.npm.taobao.org\fis3-postpackager-loader\download\fis3-postpackager-loader-2.0.5.tgz not in flight; adding
66 verbose addTmpTarball already have metadata; skipping unpack for fis3-postpackager-loader@2.0.5
67 verbose correctMkdir C:\Users\Administrator\AppData\Roaming\npm-cache correctMkdir not in flight; initializing
68 silly cache afterAdd fis3-postpackager-loader@2.0.5
69 verbose afterAdd C:\Users\Administrator\AppData\Roaming\npm-cache\fis3-postpackager-loader\2.0.5\package\package.json not in flight; writing
70 verbose correctMkdir C:\Users\Administrator\AppData\Roaming\npm-cache correctMkdir not in flight; initializing
71 verbose afterAdd C:\Users\Administrator\AppData\Roaming\npm-cache\fis3-postpackager-loader\2.0.5\package\package.json written
72 silly fetchNamedPackageData source-map
73 silly mapToRegistry name source-map
74 silly mapToRegistry using default registry
75 silly mapToRegistry registry https://registry.npm.taobao.org/
76 silly mapToRegistry data Result {
76 silly mapToRegistry   raw: 'source-map',
76 silly mapToRegistry   scope: null,
76 silly mapToRegistry   name: 'source-map',
76 silly mapToRegistry   rawSpec: '',
76 silly mapToRegistry   spec: 'latest',
76 silly mapToRegistry   type: 'tag' }
77 silly mapToRegistry uri https://registry.npm.taobao.org/source-map
78 verbose request uri https://registry.npm.taobao.org/source-map
79 verbose request no auth needed
80 info attempt registry request try #1 at 23:29:01
81 verbose etag "25f44-tk/2tmRhFBeum0zjm7ygdg"
82 http request GET https://registry.npm.taobao.org/source-map
83 http 304 https://registry.npm.taobao.org/source-map
84 verbose headers { date: 'Wed, 20 Jul 2016 15:28:05 GMT',
84 verbose headers   connection: 'keep-alive',
84 verbose headers   etag: '"25f44-tk/2tmRhFBeum0zjm7ygdg"',
84 verbose headers   'x-readtime': '82' }
85 silly get cb [ 304,
85 silly get   { date: 'Wed, 20 Jul 2016 15:28:05 GMT',
85 silly get     connection: 'keep-alive',
85 silly get     etag: '"25f44-tk/2tmRhFBeum0zjm7ygdg"',
85 silly get     'x-readtime': '82' } ]
86 verbose etag https://registry.npm.taobao.org/source-map from cache
87 verbose get saving source-map to C:\Users\Administrator\AppData\Roaming\npm-cache\registry.npm.taobao.org\source-map\.cache.json
88 verbose correctMkdir C:\Users\Administrator\AppData\Roaming\npm-cache correctMkdir not in flight; initializing
89 silly resolveWithNewModule source-map@0.5.6 checking installable status
90 silly cache add args [ 'source-map@^0.5.6', null ]
91 verbose cache add spec source-map@^0.5.6
92 silly cache add parsed spec Result {
92 silly cache add   raw: 'source-map@^0.5.6',
92 silly cache add   scope: null,
92 silly cache add   name: 'source-map',
92 silly cache add   rawSpec: '^0.5.6',
92 silly cache add   spec: '>=0.5.6 <0.6.0',
92 silly cache add   type: 'range' }
93 silly addNamed source-map@>=0.5.6 <0.6.0
94 verbose addNamed ">=0.5.6 <0.6.0" is a valid semver range for source-map
95 silly addNameRange { name: 'source-map', range: '>=0.5.6 <0.6.0', hasData: false }
96 silly mapToRegistry name source-map
97 silly mapToRegistry using default registry
98 silly mapToRegistry registry https://registry.npm.taobao.org/
99 silly mapToRegistry data Result {
99 silly mapToRegistry   raw: 'source-map',
99 silly mapToRegistry   scope: null,
99 silly mapToRegistry   name: 'source-map',
99 silly mapToRegistry   rawSpec: '',
99 silly mapToRegistry   spec: 'latest',
99 silly mapToRegistry   type: 'tag' }
100 silly mapToRegistry uri https://registry.npm.taobao.org/source-map
101 verbose addNameRange registry:https://registry.npm.taobao.org/source-map not in flight; fetching
102 verbose get https://registry.npm.taobao.org/source-map not expired, no request
103 silly addNameRange number 2 { name: 'source-map', range: '>=0.5.6 <0.6.0', hasData: true }
104 silly addNameRange versions [ 'source-map',
104 silly addNameRange   [ '0.5.6',
104 silly addNameRange     '0.5.5',
104 silly addNameRange     '0.5.4',
104 silly addNameRange     '0.5.3',
104 silly addNameRange     '0.5.2',
104 silly addNameRange     '0.5.1',
104 silly addNameRange     '0.5.0',
104 silly addNameRange     '0.4.4',
104 silly addNameRange     '0.4.3',
104 silly addNameRange     '0.4.2',
104 silly addNameRange     '0.4.1',
104 silly addNameRange     '0.4.0',
104 silly addNameRange     '0.3.0',
104 silly addNameRange     '0.2.0',
104 silly addNameRange     '0.1.43',
104 silly addNameRange     '0.1.42',
104 silly addNameRange     '0.1.41',
104 silly addNameRange     '0.1.40',
104 silly addNameRange     '0.1.39',
104 silly addNameRange     '0.1.38',
104 silly addNameRange     '0.1.37',
104 silly addNameRange     '0.1.36',
104 silly addNameRange     '0.1.35',
104 silly addNameRange     '0.1.34',
104 silly addNameRange     '0.1.33',
104 silly addNameRange     '0.1.32',
104 silly addNameRange     '0.1.31',
104 silly addNameRange     '0.1.30',
104 silly addNameRange     '0.1.29',
104 silly addNameRange     '0.1.28',
104 silly addNameRange     '0.1.27',
104 silly addNameRange     '0.1.26',
104 silly addNameRange     '0.1.25',
104 silly addNameRange     '0.1.24',
104 silly addNameRange     '0.1.23',
104 silly addNameRange     '0.1.22',
104 silly addNameRange     '0.1.21',
104 silly addNameRange     '0.1.20',
104 silly addNameRange     '0.1.19',
104 silly addNameRange     '0.1.18',
104 silly addNameRange     '0.1.17',
104 silly addNameRange     '0.1.16',
104 silly addNameRange     '0.1.15',
104 silly addNameRange     '0.1.14',
104 silly addNameRange     '0.1.13',
104 silly addNameRange     '0.1.12',
104 silly addNameRange     '0.1.11',
104 silly addNameRange     '0.1.10',
104 silly addNameRange     '0.1.9',
104 silly addNameRange     '0.1.8',
104 silly addNameRange     '0.1.7',
104 silly addNameRange     '0.1.6',
104 silly addNameRange     '0.1.5',
104 silly addNameRange     '0.1.4',
104 silly addNameRange     '0.1.3',
104 silly addNameRange     '0.1.2',
104 silly addNameRange     '0.1.1',
104 silly addNameRange     '0.1.0',
104 silly addNameRange     '0.0.0' ] ]
105 silly addNamed source-map@0.5.6
106 verbose addNamed "0.5.6" is a plain semver version for source-map
107 silly cache afterAdd source-map@0.5.6
108 verbose afterAdd C:\Users\Administrator\AppData\Roaming\npm-cache\source-map\0.5.6\package\package.json not in flight; writing
109 verbose correctMkdir C:\Users\Administrator\AppData\Roaming\npm-cache correctMkdir not in flight; initializing
110 verbose afterAdd C:\Users\Administrator\AppData\Roaming\npm-cache\source-map\0.5.6\package\package.json written
111 silly fetchNamedPackageData fsevents
112 silly mapToRegistry name fsevents
113 silly mapToRegistry using default registry
114 silly mapToRegistry registry https://registry.npm.taobao.org/
115 silly mapToRegistry data Result {
115 silly mapToRegistry   raw: 'fsevents',
115 silly mapToRegistry   scope: null,
115 silly mapToRegistry   name: 'fsevents',
115 silly mapToRegistry   rawSpec: '',
115 silly mapToRegistry   spec: 'latest',
115 silly mapToRegistry   type: 'tag' }
116 silly mapToRegistry uri https://registry.npm.taobao.org/fsevents
117 verbose request uri https://registry.npm.taobao.org/fsevents
118 verbose request no auth needed
119 info attempt registry request try #1 at 23:29:01
120 verbose etag "c8c2-rbNmpDtfFNuXIm2pvmoRMA"
121 http request GET https://registry.npm.taobao.org/fsevents
122 http 200 https://registry.npm.taobao.org/fsevents
123 verbose headers { date: 'Wed, 20 Jul 2016 15:28:06 GMT',
123 verbose headers   'content-type': 'application/json; charset=utf-8',
123 verbose headers   'content-length': '51394',
123 verbose headers   connection: 'keep-alive',
123 verbose headers   etag: '"c8c2-SBGkclDDPALcTHlAuxnPqg"',
123 verbose headers   'x-readtime': '23' }
124 silly get cb [ 200,
124 silly get   { date: 'Wed, 20 Jul 2016 15:28:06 GMT',
124 silly get     'content-type': 'application/json; charset=utf-8',
124 silly get     'content-length': '51394',
124 silly get     connection: 'keep-alive',
124 silly get     etag: '"c8c2-SBGkclDDPALcTHlAuxnPqg"',
124 silly get     'x-readtime': '23' } ]
125 verbose get saving fsevents to C:\Users\Administrator\AppData\Roaming\npm-cache\registry.npm.taobao.org\fsevents\.cache.json
126 verbose correctMkdir C:\Users\Administrator\AppData\Roaming\npm-cache correctMkdir not in flight; initializing
127 silly resolveWithNewModule fsevents@1.0.14 checking installable status
128 silly loadAllDepsIntoIdealTree Finishing
129 silly idealTree:prePrune fis3
129 silly idealTree:prePrune +-- fis3-postpackager-loader@2.0.5
129 silly idealTree:prePrune +-- fis3@3.4.17
129 silly idealTree:prePrune | +-- accepts@1.1.4
129 silly idealTree:prePrune | | +-- mime-db@1.12.0
129 silly idealTree:prePrune | | `-- mime-types@2.0.14
129 silly idealTree:prePrune | +-- adm-zip@0.4.4
129 silly idealTree:prePrune | +-- amdefine@1.0.0
129 silly idealTree:prePrune | +-- ansi-regex@2.0.0
129 silly idealTree:prePrune | +-- ansi-styles@2.2.1
129 silly idealTree:prePrune | +-- anymatch@1.3.0
129 silly idealTree:prePrune | +-- archiver@0.4.9
129 silly idealTree:prePrune | | `-- iconv-lite@0.2.11
129 silly idealTree:prePrune | +-- arr-diff@2.0.0
129 silly idealTree:prePrune | +-- arr-flatten@1.0.1
129 silly idealTree:prePrune | +-- array-unique@0.2.1
129 silly idealTree:prePrune | +-- arrify@1.0.1
129 silly idealTree:prePrune | +-- asn1@0.1.11
129 silly idealTree:prePrune | +-- assert-plus@0.1.5
129 silly idealTree:prePrune | +-- async-each@1.0.0
129 silly idealTree:prePrune | +-- async@0.2.9
129 silly idealTree:prePrune | +-- aws-sign@0.3.0
129 silly idealTree:prePrune | +-- aws-sign2@0.6.0
129 silly idealTree:prePrune | +-- aws4@1.4.1
129 silly idealTree:prePrune | +-- balanced-match@0.4.1
129 silly idealTree:prePrune | +-- basic-auth@1.0.4
129 silly idealTree:prePrune | +-- batch@0.5.1
129 silly idealTree:prePrune | +-- binary-extensions@1.5.0
129 silly idealTree:prePrune | +-- bl@1.1.2
129 silly idealTree:prePrune | | +-- isarray@1.0.0
129 silly idealTree:prePrune | | `-- readable-stream@2.0.6
129 silly idealTree:prePrune | +-- block-stream@0.0.9
129 silly idealTree:prePrune | +-- bluebird@2.10.2
129 silly idealTree:prePrune | +-- body-parser@1.15.2
129 silly idealTree:prePrune | | +-- debug@2.2.0
129 silly idealTree:prePrune | | +-- iconv-lite@0.4.13
129 silly idealTree:prePrune | | +-- ms@0.7.1
129 silly idealTree:prePrune | | `-- qs@6.2.0
129 silly idealTree:prePrune | +-- boom@0.4.2
129 silly idealTree:prePrune | +-- brace-expansion@1.1.5
129 silly idealTree:prePrune | +-- braces@1.8.5
129 silly idealTree:prePrune | +-- buffer-shims@1.0.0
129 silly idealTree:prePrune | +-- bytes@2.4.0
129 silly idealTree:prePrune | +-- caseless@0.11.0
129 silly idealTree:prePrune | +-- chalk@1.1.3
129 silly idealTree:prePrune | +-- chokidar@1.4.3
129 silly idealTree:prePrune | +-- clean-css@1.1.7
129 silly idealTree:prePrune | | `-- commander@2.0.0
129 silly idealTree:prePrune | +-- colors@0.6.2
129 silly idealTree:prePrune | +-- combined-stream@0.0.7
129 silly idealTree:prePrune | +-- commander@1.3.2
129 silly idealTree:prePrune | +-- concat-map@0.0.1
129 silly idealTree:prePrune | +-- content-disposition@0.5.0
129 silly idealTree:prePrune | +-- content-type@1.0.2
129 silly idealTree:prePrune | +-- cookie-jar@0.3.0
129 silly idealTree:prePrune | +-- cookie-signature@1.0.5
129 silly idealTree:prePrune | +-- cookie@0.1.2
129 silly idealTree:prePrune | +-- core-util-is@1.0.2
129 silly idealTree:prePrune | +-- crc@3.2.1
129 silly idealTree:prePrune | +-- cryptiles@0.2.2
129 silly idealTree:prePrune | +-- ctype@0.5.3
129 silly idealTree:prePrune | +-- cycle@1.0.3
129 silly idealTree:prePrune | +-- dashdash@1.14.0
129 silly idealTree:prePrune | | `-- assert-plus@1.0.0
129 silly idealTree:prePrune | +-- debug@2.1.0
129 silly idealTree:prePrune | +-- deep-equal@1.0.1
129 silly idealTree:prePrune | +-- delayed-stream@0.0.5
129 silly idealTree:prePrune | +-- depd@1.1.0
129 silly idealTree:prePrune | +-- destroy@1.0.3
129 silly idealTree:prePrune | +-- ecc-jsbn@0.1.1
129 silly idealTree:prePrune | +-- ee-first@1.1.1
129 silly idealTree:prePrune | +-- escape-html@1.0.1
129 silly idealTree:prePrune | +-- escape-string-regexp@1.0.5
129 silly idealTree:prePrune | +-- etag@1.5.1
129 silly idealTree:prePrune | +-- eventemitter3@1.2.0
129 silly idealTree:prePrune | +-- expand-brackets@0.1.5
129 silly idealTree:prePrune | +-- expand-range@1.8.2
129 silly idealTree:prePrune | +-- express@4.10.1
129 silly idealTree:prePrune | | +-- depd@1.0.1
129 silly idealTree:prePrune | | +-- ee-first@1.1.0
129 silly idealTree:prePrune | | +-- mime-db@1.12.0
129 silly idealTree:prePrune | | +-- mime-types@2.0.14
129 silly idealTree:prePrune | | +-- on-finished@2.1.1
129 silly idealTree:prePrune | | +-- qs@2.3.2
129 silly idealTree:prePrune | | `-- type-is@1.5.7
129 silly idealTree:prePrune | +-- extend@3.0.0
129 silly idealTree:prePrune | +-- extglob@0.3.2
129 silly idealTree:prePrune | +-- extsprintf@1.0.2
129 silly idealTree:prePrune | +-- eyes@0.1.8
129 silly idealTree:prePrune | +-- filename-regex@2.0.0
129 silly idealTree:prePrune | +-- fill-range@2.2.3
129 silly idealTree:prePrune | +-- finalhandler@0.3.2
129 silly idealTree:prePrune | | +-- ee-first@1.1.0
129 silly idealTree:prePrune | | `-- on-finished@2.1.1
129 silly idealTree:prePrune | +-- findup-sync@0.3.0
129 silly idealTree:prePrune | +-- findup@0.1.5
129 silly idealTree:prePrune | | `-- commander@2.1.0
129 silly idealTree:prePrune | +-- fis-command-install@0.2.17
129 silly idealTree:prePrune | +-- fis-lolcat@1.0.1
129 silly idealTree:prePrune | +-- fis-optimizer-clean-css@0.0.9
129 silly idealTree:prePrune | +-- fis-optimizer-png-compressor@0.1.6
129 silly idealTree:prePrune | +-- fis-optimizer-uglify-js@0.2.1
129 silly idealTree:prePrune | +-- fis-repo-client@0.1.14
129 silly idealTree:prePrune | | +-- adm-zip@0.4.3
129 silly idealTree:prePrune | | +-- debug@0.8.0
129 silly idealTree:prePrune | | +-- iconv-lite@0.2.11
129 silly idealTree:prePrune | | `-- request@2.27.0
129 silly idealTree:prePrune | +-- fis-scaffold-kernel@0.2.0
129 silly idealTree:prePrune | | `-- iconv-lite@0.4.4
129 silly idealTree:prePrune | +-- fis-spriter-csssprites@0.3.11
129 silly idealTree:prePrune | +-- fis3-command-init@1.0.14
129 silly idealTree:prePrune | | `-- bluebird@2.9.21
129 silly idealTree:prePrune | +-- fis3-command-inspect@1.0.3
129 silly idealTree:prePrune | +-- fis3-command-release@1.3.8
129 silly idealTree:prePrune | +-- fis3-command-server@0.0.9
129 silly idealTree:prePrune | +-- fis3-deploy-encoding@1.0.0
129 silly idealTree:prePrune | +-- fis3-deploy-http-push@1.0.1
129 silly idealTree:prePrune | +-- fis3-deploy-local-deliver@1.0.0
129 silly idealTree:prePrune | +-- fis3-errors@0.0.4
129 silly idealTree:prePrune | +-- fis3-hook-components@1.0.4
129 silly idealTree:prePrune | +-- fis3-packager-map@1.1.3
129 silly idealTree:prePrune | +-- fis3-postpackager-loader@2.0.5
129 silly idealTree:prePrune | | `-- source-map@0.5.6
129 silly idealTree:prePrune | +-- fis3-server-node@0.1.1
129 silly idealTree:prePrune | +-- flagged-respawn@0.3.2
129 silly idealTree:prePrune | +-- for-in@0.1.5
129 silly idealTree:prePrune | +-- for-own@0.1.4
129 silly idealTree:prePrune | +-- forever-agent@0.5.2
129 silly idealTree:prePrune | +-- form-data@0.1.4
129 silly idealTree:prePrune | | `-- async@0.9.2
129 silly idealTree:prePrune | +-- forwarded@0.1.0
129 silly idealTree:prePrune | +-- fresh@0.2.4
129 silly idealTree:prePrune | +-- fs.realpath@1.0.0
129 silly idealTree:prePrune | +-- fstream@1.0.10
129 silly idealTree:prePrune | +-- generate-function@2.0.0
129 silly idealTree:prePrune | +-- generate-object-property@1.2.0
129 silly idealTree:prePrune | +-- getpass@0.1.6
129 silly idealTree:prePrune | | `-- assert-plus@1.0.0
129 silly idealTree:prePrune | +-- glob-base@0.3.0
129 silly idealTree:prePrune | +-- glob-parent@2.0.0
129 silly idealTree:prePrune | +-- glob.js@0.1.0
129 silly idealTree:prePrune | +-- glob@5.0.3
129 silly idealTree:prePrune | +-- graceful-fs@4.1.4
129 silly idealTree:prePrune | +-- graceful-readlink@1.0.1
129 silly idealTree:prePrune | +-- har-validator@2.0.6
129 silly idealTree:prePrune | | `-- commander@2.9.0
129 silly idealTree:prePrune | +-- has-ansi@2.0.0
129 silly idealTree:prePrune | +-- hawk@1.0.0
129 silly idealTree:prePrune | +-- hoek@0.9.1
129 silly idealTree:prePrune | +-- http-errors@1.5.0
129 silly idealTree:prePrune | +-- http-proxy@1.14.0
129 silly idealTree:prePrune | +-- http-signature@0.10.1
129 silly idealTree:prePrune | +-- i@0.3.5
129 silly idealTree:prePrune | +-- iconv-lite@0.2.10
129 silly idealTree:prePrune | +-- ignore@2.2.7
129 silly idealTree:prePrune | +-- images@3.0.0
129 silly idealTree:prePrune | +-- inflight@1.0.5
129 silly idealTree:prePrune | +-- inherits@2.0.1
129 silly idealTree:prePrune | +-- ini@1.0.0
129 silly idealTree:prePrune | +-- ipaddr.js@1.0.5
129 silly idealTree:prePrune | +-- is-binary-path@1.0.1
129 silly idealTree:prePrune | +-- is-buffer@1.1.3
129 silly idealTree:prePrune | +-- is-dotfile@1.0.2
129 silly idealTree:prePrune | +-- is-equal-shallow@0.1.3
129 silly idealTree:prePrune | +-- is-extendable@0.1.1
129 silly idealTree:prePrune | +-- is-extglob@1.0.0
129 silly idealTree:prePrune | +-- is-glob@2.0.1
129 silly idealTree:prePrune | +-- is-my-json-valid@2.13.1
129 silly idealTree:prePrune | +-- is-number@2.1.0
129 silly idealTree:prePrune | +-- is-posix-bracket@0.1.1
129 silly idealTree:prePrune | +-- is-primitive@2.0.0
129 silly idealTree:prePrune | +-- is-property@1.0.2
129 silly idealTree:prePrune | +-- is-typedarray@1.0.0
129 silly idealTree:prePrune | +-- is-utf8@0.2.0
129 silly idealTree:prePrune | +-- isarray@0.0.1
129 silly idealTree:prePrune | +-- isobject@2.1.0
129 silly idealTree:prePrune | | `-- isarray@1.0.0
129 silly idealTree:prePrune | +-- isstream@0.1.2
129 silly idealTree:prePrune | +-- jodid25519@1.0.2
129 silly idealTree:prePrune | +-- js-base64@2.1.2
129 silly idealTree:prePrune | +-- jsbn@0.1.0
129 silly idealTree:prePrune | +-- json-schema@0.2.2
129 silly idealTree:prePrune | +-- json-stringify-safe@5.0.1
129 silly idealTree:prePrune | +-- jsonpointer@2.0.0
129 silly idealTree:prePrune | +-- jsprim@1.3.0
129 silly idealTree:prePrune | +-- keypress@0.1.0
129 silly idealTree:prePrune | +-- kind-of@3.0.3
129 silly idealTree:prePrune | +-- liftoff@2.2.1
129 silly idealTree:prePrune | | `-- extend@2.0.1
129 silly idealTree:prePrune | +-- livereload-protocol@0.2.2
129 silly idealTree:prePrune | | `-- debug@0.7.4
129 silly idealTree:prePrune | +-- livereload-server-spec@0.2.3
129 silly idealTree:prePrune | | `-- debug@0.7.4
129 silly idealTree:prePrune | +-- lodash@4.12.0
129 silly idealTree:prePrune | +-- media-typer@0.3.0
129 silly idealTree:prePrune | +-- merge-descriptors@0.0.2
129 silly idealTree:prePrune | +-- merge-source-map@1.0.1
129 silly idealTree:prePrune | +-- methods@1.1.0
129 silly idealTree:prePrune | +-- micromatch@2.3.11
129 silly idealTree:prePrune | +-- mime-db@1.23.0
129 silly idealTree:prePrune | +-- mime-types@2.1.11
129 silly idealTree:prePrune | +-- mime@1.2.11
129 silly idealTree:prePrune | +-- minimatch@2.0.4
129 silly idealTree:prePrune | +-- minimist@1.1.1
129 silly idealTree:prePrune | +-- mkdirp@0.5.1
129 silly idealTree:prePrune | | `-- minimist@0.0.8
129 silly idealTree:prePrune | +-- morgan@1.6.1
129 silly idealTree:prePrune | | +-- debug@2.2.0
129 silly idealTree:prePrune | | +-- depd@1.0.1
129 silly idealTree:prePrune | | `-- ms@0.7.1
129 silly idealTree:prePrune | +-- ms@0.6.2
129 silly idealTree:prePrune | +-- mute-stream@0.0.6
129 silly idealTree:prePrune | +-- nan@2.4.0
129 silly idealTree:prePrune | +-- ncp@0.4.2
129 silly idealTree:prePrune | +-- negotiator@0.4.9
129 silly idealTree:prePrune | +-- node-pngcrush@0.3.7
129 silly idealTree:prePrune | +-- node-pngquant-native@1.0.4
129 silly idealTree:prePrune | +-- node-uuid@1.4.7
129 silly idealTree:prePrune | +-- normalize-path@2.0.1
129 silly idealTree:prePrune | +-- oauth-sign@0.3.0
129 silly idealTree:prePrune | +-- object.omit@2.0.0
129 silly idealTree:prePrune | +-- on-finished@2.3.0
129 silly idealTree:prePrune | +-- on-headers@1.0.1
129 silly idealTree:prePrune | +-- once@1.3.3
129 silly idealTree:prePrune | +-- optimist@0.3.7
129 silly idealTree:prePrune | +-- options@0.0.6
129 silly idealTree:prePrune | +-- parse-glob@3.0.4
129 silly idealTree:prePrune | +-- parseurl@1.3.1
129 silly idealTree:prePrune | +-- path-is-absolute@1.0.0
129 silly idealTree:prePrune | +-- path-to-regexp@0.1.3
129 silly idealTree:prePrune | +-- pinkie-promise@2.0.1
129 silly idealTree:prePrune | +-- pinkie@2.0.4
129 silly idealTree:prePrune | +-- pkginfo@0.4.0
129 silly idealTree:prePrune | +-- portfinder@0.4.0
129 silly idealTree:prePrune | | `-- async@0.9.0
129 silly idealTree:prePrune | +-- preserve@0.2.0
129 silly idealTree:prePrune | +-- process-nextick-args@1.0.7
129 silly idealTree:prePrune | +-- progress@1.1.8
129 silly idealTree:prePrune | +-- prompt@0.2.14
129 silly idealTree:prePrune | +-- proxy-addr@1.0.10
129 silly idealTree:prePrune | +-- q@1.0.1
129 silly idealTree:prePrune | +-- qrcode-terminal@0.10.0
129 silly idealTree:prePrune | +-- qs@0.6.6
129 silly idealTree:prePrune | +-- randomatic@1.1.5
129 silly idealTree:prePrune | +-- range-parser@1.0.3
129 silly idealTree:prePrune | +-- raw-body@2.1.7
129 silly idealTree:prePrune | | `-- iconv-lite@0.4.13
129 silly idealTree:prePrune | +-- read@1.0.7
129 silly idealTree:prePrune | +-- readable-stream@1.0.34
129 silly idealTree:prePrune | +-- readdirp@2.1.0
129 silly idealTree:prePrune | | +-- isarray@1.0.0
129 silly idealTree:prePrune | | +-- minimatch@3.0.2
129 silly idealTree:prePrune | | `-- readable-stream@2.1.4
129 silly idealTree:prePrune | +-- rechoir@0.6.2
129 silly idealTree:prePrune | +-- regex-cache@0.4.3
129 silly idealTree:prePrune | +-- repeat-element@1.1.2
129 silly idealTree:prePrune | +-- repeat-string@1.5.4
129 silly idealTree:prePrune | +-- request@2.73.0
129 silly idealTree:prePrune | | +-- assert-plus@0.2.0
129 silly idealTree:prePrune | | +-- async@1.5.2
129 silly idealTree:prePrune | | +-- boom@2.10.1
129 silly idealTree:prePrune | | +-- combined-stream@1.0.5
129 silly idealTree:prePrune | | +-- cryptiles@2.0.5
129 silly idealTree:prePrune | | +-- delayed-stream@1.0.0
129 silly idealTree:prePrune | | +-- forever-agent@0.6.1
129 silly idealTree:prePrune | | +-- form-data@1.0.0-rc4
129 silly idealTree:prePrune | | +-- hawk@3.1.3
129 silly idealTree:prePrune | | +-- hoek@2.16.3
129 silly idealTree:prePrune | | +-- http-signature@1.1.1
129 silly idealTree:prePrune | | +-- oauth-sign@0.8.2
129 silly idealTree:prePrune | | +-- qs@6.2.0
129 silly idealTree:prePrune | | +-- sntp@1.0.9
129 silly idealTree:prePrune | | `-- tunnel-agent@0.4.3
129 silly idealTree:prePrune | +-- requires-port@1.0.0
129 silly idealTree:prePrune | +-- resolve@1.1.7
129 silly idealTree:prePrune | +-- revalidator@0.1.8
129 silly idealTree:prePrune | +-- rimraf@2.5.3
129 silly idealTree:prePrune | | +-- glob@7.0.5
129 silly idealTree:prePrune | | `-- minimatch@3.0.2
129 silly idealTree:prePrune | +-- semver@4.3.6
129 silly idealTree:prePrune | +-- send@0.10.1
129 silly idealTree:prePrune | | +-- depd@1.0.1
129 silly idealTree:prePrune | | +-- ee-first@1.1.0
129 silly idealTree:prePrune | | `-- on-finished@2.1.1
129 silly idealTree:prePrune | +-- serve-index@1.5.0
129 silly idealTree:prePrune | | +-- http-errors@1.2.8
129 silly idealTree:prePrune | | +-- mime-db@1.12.0
129 silly idealTree:prePrune | | `-- mime-types@2.0.14
129 silly idealTree:prePrune | +-- serve-static@1.7.2
129 silly idealTree:prePrune | +-- set-immediate-shim@1.0.1
129 silly idealTree:prePrune | +-- setprototypeof@1.0.1
129 silly idealTree:prePrune | +-- sntp@0.2.4
129 silly idealTree:prePrune | +-- source-map@0.5.6
129 silly idealTree:prePrune | +-- sshpk@1.8.3
129 silly idealTree:prePrune | | +-- asn1@0.2.3
129 silly idealTree:prePrune | | `-- assert-plus@1.0.0
129 silly idealTree:prePrune | +-- stack-trace@0.0.9
129 silly idealTree:prePrune | +-- statuses@1.3.0
129 silly idealTree:prePrune | +-- string_decoder@0.10.31
129 silly idealTree:prePrune | +-- stringstream@0.0.5
129 silly idealTree:prePrune | +-- strip-ansi@3.0.1
129 silly idealTree:prePrune | +-- supports-color@2.0.0
129 silly idealTree:prePrune | +-- tar@2.2.1
129 silly idealTree:prePrune | +-- tough-cookie@2.2.2
129 silly idealTree:prePrune | +-- tunnel-agent@0.3.0
129 silly idealTree:prePrune | +-- tweetnacl@0.13.3
129 silly idealTree:prePrune | +-- type-is@1.6.13
129 silly idealTree:prePrune | +-- uglify-js@2.4.15
129 silly idealTree:prePrune | | `-- source-map@0.1.34
129 silly idealTree:prePrune | +-- uglify-to-browserify@1.0.2
129 silly idealTree:prePrune | +-- unpipe@1.0.0
129 silly idealTree:prePrune | +-- util-deprecate@1.0.2
129 silly idealTree:prePrune | +-- utile@0.2.1
129 silly idealTree:prePrune | +-- utils-merge@1.0.0
129 silly idealTree:prePrune | +-- vary@1.0.1
129 silly idealTree:prePrune | +-- verror@1.3.6
129 silly idealTree:prePrune | +-- websocket.io-spec@0.2.1
129 silly idealTree:prePrune | +-- winston@0.8.3
129 silly idealTree:prePrune | | `-- pkginfo@0.3.1
129 silly idealTree:prePrune | +-- wordwrap@0.0.3
129 silly idealTree:prePrune | +-- wrappy@1.0.2
129 silly idealTree:prePrune | +-- ws-spec@0.4.20
129 silly idealTree:prePrune | +-- x256@0.0.2
129 silly idealTree:prePrune | +-- xtend@4.0.1
129 silly idealTree:prePrune | `-- yog-devtools@0.1.1
129 silly idealTree:prePrune `-- source-map@0.5.6
130 silly loadIdealTree Finishing
131 silly currentTree fis3
131 silly currentTree `-- fis3@3.4.17
131 silly currentTree   +-- accepts@1.1.4
131 silly currentTree   | +-- mime-db@1.12.0
131 silly currentTree   | `-- mime-types@2.0.14
131 silly currentTree   +-- adm-zip@0.4.4
131 silly currentTree   +-- amdefine@1.0.0
131 silly currentTree   +-- ansi-regex@2.0.0
131 silly currentTree   +-- ansi-styles@2.2.1
131 silly currentTree   +-- anymatch@1.3.0
131 silly currentTree   +-- archiver@0.4.9
131 silly currentTree   | `-- iconv-lite@0.2.11
131 silly currentTree   +-- arr-diff@2.0.0
131 silly currentTree   +-- arr-flatten@1.0.1
131 silly currentTree   +-- array-unique@0.2.1
131 silly currentTree   +-- arrify@1.0.1
131 silly currentTree   +-- asn1@0.1.11
131 silly currentTree   +-- assert-plus@0.1.5
131 silly currentTree   +-- async-each@1.0.0
131 silly currentTree   +-- async@0.2.9
131 silly currentTree   +-- aws-sign@0.3.0
131 silly currentTree   +-- aws-sign2@0.6.0
131 silly currentTree   +-- aws4@1.4.1
131 silly currentTree   +-- balanced-match@0.4.1
131 silly currentTree   +-- basic-auth@1.0.4
131 silly currentTree   +-- batch@0.5.1
131 silly currentTree   +-- binary-extensions@1.5.0
131 silly currentTree   +-- bl@1.1.2
131 silly currentTree   | +-- isarray@1.0.0
131 silly currentTree   | `-- readable-stream@2.0.6
131 silly currentTree   +-- block-stream@0.0.9
131 silly currentTree   +-- bluebird@2.10.2
131 silly currentTree   +-- body-parser@1.15.2
131 silly currentTree   | +-- debug@2.2.0
131 silly currentTree   | +-- iconv-lite@0.4.13
131 silly currentTree   | +-- ms@0.7.1
131 silly currentTree   | `-- qs@6.2.0
131 silly currentTree   +-- boom@0.4.2
131 silly currentTree   +-- brace-expansion@1.1.5
131 silly currentTree   +-- braces@1.8.5
131 silly currentTree   +-- buffer-shims@1.0.0
131 silly currentTree   +-- bytes@2.4.0
131 silly currentTree   +-- caseless@0.11.0
131 silly currentTree   +-- chalk@1.1.3
131 silly currentTree   +-- chokidar@1.4.3
131 silly currentTree   +-- clean-css@1.1.7
131 silly currentTree   | `-- commander@2.0.0
131 silly currentTree   +-- colors@0.6.2
131 silly currentTree   +-- combined-stream@0.0.7
131 silly currentTree   +-- commander@1.3.2
131 silly currentTree   +-- concat-map@0.0.1
131 silly currentTree   +-- content-disposition@0.5.0
131 silly currentTree   +-- content-type@1.0.2
131 silly currentTree   +-- cookie-jar@0.3.0
131 silly currentTree   +-- cookie-signature@1.0.5
131 silly currentTree   +-- cookie@0.1.2
131 silly currentTree   +-- core-util-is@1.0.2
131 silly currentTree   +-- crc@3.2.1
131 silly currentTree   +-- cryptiles@0.2.2
131 silly currentTree   +-- ctype@0.5.3
131 silly currentTree   +-- cycle@1.0.3
131 silly currentTree   +-- dashdash@1.14.0
131 silly currentTree   | `-- assert-plus@1.0.0
131 silly currentTree   +-- debug@2.1.0
131 silly currentTree   +-- deep-equal@1.0.1
131 silly currentTree   +-- delayed-stream@0.0.5
131 silly currentTree   +-- depd@1.1.0
131 silly currentTree   +-- destroy@1.0.3
131 silly currentTree   +-- ecc-jsbn@0.1.1
131 silly currentTree   +-- ee-first@1.1.1
131 silly currentTree   +-- escape-html@1.0.1
131 silly currentTree   +-- escape-string-regexp@1.0.5
131 silly currentTree   +-- etag@1.5.1
131 silly currentTree   +-- eventemitter3@1.2.0
131 silly currentTree   +-- expand-brackets@0.1.5
131 silly currentTree   +-- expand-range@1.8.2
131 silly currentTree   +-- express@4.10.1
131 silly currentTree   | +-- depd@1.0.1
131 silly currentTree   | +-- ee-first@1.1.0
131 silly currentTree   | +-- mime-db@1.12.0
131 silly currentTree   | +-- mime-types@2.0.14
131 silly currentTree   | +-- on-finished@2.1.1
131 silly currentTree   | +-- qs@2.3.2
131 silly currentTree   | `-- type-is@1.5.7
131 silly currentTree   +-- extend@3.0.0
131 silly currentTree   +-- extglob@0.3.2
131 silly currentTree   +-- extsprintf@1.0.2
131 silly currentTree   +-- eyes@0.1.8
131 silly currentTree   +-- filename-regex@2.0.0
131 silly currentTree   +-- fill-range@2.2.3
131 silly currentTree   +-- finalhandler@0.3.2
131 silly currentTree   | +-- ee-first@1.1.0
131 silly currentTree   | `-- on-finished@2.1.1
131 silly currentTree   +-- findup-sync@0.3.0
131 silly currentTree   +-- findup@0.1.5
131 silly currentTree   | `-- commander@2.1.0
131 silly currentTree   +-- fis-command-install@0.2.17
131 silly currentTree   +-- fis-lolcat@1.0.1
131 silly currentTree   +-- fis-optimizer-clean-css@0.0.9
131 silly currentTree   +-- fis-optimizer-png-compressor@0.1.6
131 silly currentTree   +-- fis-optimizer-uglify-js@0.2.1
131 silly currentTree   +-- fis-repo-client@0.1.14
131 silly currentTree   | +-- adm-zip@0.4.3
131 silly currentTree   | +-- debug@0.8.0
131 silly currentTree   | +-- iconv-lite@0.2.11
131 silly currentTree   | `-- request@2.27.0
131 silly currentTree   +-- fis-scaffold-kernel@0.2.0
131 silly currentTree   | `-- iconv-lite@0.4.4
131 silly currentTree   +-- fis-spriter-csssprites@0.3.11
131 silly currentTree   +-- fis3-command-init@1.0.14
131 silly currentTree   | `-- bluebird@2.9.21
131 silly currentTree   +-- fis3-command-inspect@1.0.3
131 silly currentTree   +-- fis3-command-release@1.3.8
131 silly currentTree   +-- fis3-command-server@0.0.9
131 silly currentTree   +-- fis3-deploy-encoding@1.0.0
131 silly currentTree   +-- fis3-deploy-http-push@1.0.1
131 silly currentTree   +-- fis3-deploy-local-deliver@1.0.0
131 silly currentTree   +-- fis3-errors@0.0.4
131 silly currentTree   +-- fis3-hook-components@1.0.4
131 silly currentTree   +-- fis3-packager-map@1.1.3
131 silly currentTree   +-- fis3-postpackager-loader@2.0.5
131 silly currentTree   | `-- source-map@0.5.6
131 silly currentTree   +-- fis3-server-node@0.1.1
131 silly currentTree   +-- flagged-respawn@0.3.2
131 silly currentTree   +-- for-in@0.1.5
131 silly currentTree   +-- for-own@0.1.4
131 silly currentTree   +-- forever-agent@0.5.2
131 silly currentTree   +-- form-data@0.1.4
131 silly currentTree   | `-- async@0.9.2
131 silly currentTree   +-- forwarded@0.1.0
131 silly currentTree   +-- fresh@0.2.4
131 silly currentTree   +-- fs.realpath@1.0.0
131 silly currentTree   +-- fstream@1.0.10
131 silly currentTree   +-- generate-function@2.0.0
131 silly currentTree   +-- generate-object-property@1.2.0
131 silly currentTree   +-- getpass@0.1.6
131 silly currentTree   | `-- assert-plus@1.0.0
131 silly currentTree   +-- glob-base@0.3.0
131 silly currentTree   +-- glob-parent@2.0.0
131 silly currentTree   +-- glob.js@0.1.0
131 silly currentTree   +-- glob@5.0.3
131 silly currentTree   +-- graceful-fs@4.1.4
131 silly currentTree   +-- graceful-readlink@1.0.1
131 silly currentTree   +-- har-validator@2.0.6
131 silly currentTree   | `-- commander@2.9.0
131 silly currentTree   +-- has-ansi@2.0.0
131 silly currentTree   +-- hawk@1.0.0
131 silly currentTree   +-- hoek@0.9.1
131 silly currentTree   +-- http-errors@1.5.0
131 silly currentTree   +-- http-proxy@1.14.0
131 silly currentTree   +-- http-signature@0.10.1
131 silly currentTree   +-- i@0.3.5
131 silly currentTree   +-- iconv-lite@0.2.10
131 silly currentTree   +-- ignore@2.2.7
131 silly currentTree   +-- images@3.0.0
131 silly currentTree   +-- inflight@1.0.5
131 silly currentTree   +-- inherits@2.0.1
131 silly currentTree   +-- ini@1.0.0
131 silly currentTree   +-- ipaddr.js@1.0.5
131 silly currentTree   +-- is-binary-path@1.0.1
131 silly currentTree   +-- is-buffer@1.1.3
131 silly currentTree   +-- is-dotfile@1.0.2
131 silly currentTree   +-- is-equal-shallow@0.1.3
131 silly currentTree   +-- is-extendable@0.1.1
131 silly currentTree   +-- is-extglob@1.0.0
131 silly currentTree   +-- is-glob@2.0.1
131 silly currentTree   +-- is-my-json-valid@2.13.1
131 silly currentTree   +-- is-number@2.1.0
131 silly currentTree   +-- is-posix-bracket@0.1.1
131 silly currentTree   +-- is-primitive@2.0.0
131 silly currentTree   +-- is-property@1.0.2
131 silly currentTree   +-- is-typedarray@1.0.0
131 silly currentTree   +-- is-utf8@0.2.0
131 silly currentTree   +-- isarray@0.0.1
131 silly currentTree   +-- isobject@2.1.0
131 silly currentTree   | `-- isarray@1.0.0
131 silly currentTree   +-- isstream@0.1.2
131 silly currentTree   +-- jodid25519@1.0.2
131 silly currentTree   +-- js-base64@2.1.2
131 silly currentTree   +-- jsbn@0.1.0
131 silly currentTree   +-- json-schema@0.2.2
131 silly currentTree   +-- json-stringify-safe@5.0.1
131 silly currentTree   +-- jsonpointer@2.0.0
131 silly currentTree   +-- jsprim@1.3.0
131 silly currentTree   +-- keypress@0.1.0
131 silly currentTree   +-- kind-of@3.0.3
131 silly currentTree   +-- liftoff@2.2.1
131 silly currentTree   | `-- extend@2.0.1
131 silly currentTree   +-- livereload-protocol@0.2.2
131 silly currentTree   | `-- debug@0.7.4
131 silly currentTree   +-- livereload-server-spec@0.2.3
131 silly currentTree   | `-- debug@0.7.4
131 silly currentTree   +-- lodash@4.12.0
131 silly currentTree   +-- media-typer@0.3.0
131 silly currentTree   +-- merge-descriptors@0.0.2
131 silly currentTree   +-- merge-source-map@1.0.1
131 silly currentTree   +-- methods@1.1.0
131 silly currentTree   +-- micromatch@2.3.11
131 silly currentTree   +-- mime-db@1.23.0
131 silly currentTree   +-- mime-types@2.1.11
131 silly currentTree   +-- mime@1.2.11
131 silly currentTree   +-- minimatch@2.0.4
131 silly currentTree   +-- minimist@1.1.1
131 silly currentTree   +-- mkdirp@0.5.1
131 silly currentTree   | `-- minimist@0.0.8
131 silly currentTree   +-- morgan@1.6.1
131 silly currentTree   | +-- debug@2.2.0
131 silly currentTree   | +-- depd@1.0.1
131 silly currentTree   | `-- ms@0.7.1
131 silly currentTree   +-- ms@0.6.2
131 silly currentTree   +-- mute-stream@0.0.6
131 silly currentTree   +-- nan@2.4.0
131 silly currentTree   +-- ncp@0.4.2
131 silly currentTree   +-- negotiator@0.4.9
131 silly currentTree   +-- node-pngcrush@0.3.7
131 silly currentTree   +-- node-pngquant-native@1.0.4
131 silly currentTree   +-- node-uuid@1.4.7
131 silly currentTree   +-- normalize-path@2.0.1
131 silly currentTree   +-- oauth-sign@0.3.0
131 silly currentTree   +-- object.omit@2.0.0
131 silly currentTree   +-- on-finished@2.3.0
131 silly currentTree   +-- on-headers@1.0.1
131 silly currentTree   +-- once@1.3.3
131 silly currentTree   +-- optimist@0.3.7
131 silly currentTree   +-- options@0.0.6
131 silly currentTree   +-- parse-glob@3.0.4
131 silly currentTree   +-- parseurl@1.3.1
131 silly currentTree   +-- path-is-absolute@1.0.0
131 silly currentTree   +-- path-to-regexp@0.1.3
131 silly currentTree   +-- pinkie-promise@2.0.1
131 silly currentTree   +-- pinkie@2.0.4
131 silly currentTree   +-- pkginfo@0.4.0
131 silly currentTree   +-- portfinder@0.4.0
131 silly currentTree   | `-- async@0.9.0
131 silly currentTree   +-- preserve@0.2.0
131 silly currentTree   +-- process-nextick-args@1.0.7
131 silly currentTree   +-- progress@1.1.8
131 silly currentTree   +-- prompt@0.2.14
131 silly currentTree   +-- proxy-addr@1.0.10
131 silly currentTree   +-- q@1.0.1
131 silly currentTree   +-- qrcode-terminal@0.10.0
131 silly currentTree   +-- qs@0.6.6
131 silly currentTree   +-- randomatic@1.1.5
131 silly currentTree   +-- range-parser@1.0.3
131 silly currentTree   +-- raw-body@2.1.7
131 silly currentTree   | `-- iconv-lite@0.4.13
131 silly currentTree   +-- read@1.0.7
131 silly currentTree   +-- readable-stream@1.0.34
131 silly currentTree   +-- readdirp@2.1.0
131 silly currentTree   | +-- isarray@1.0.0
131 silly currentTree   | +-- minimatch@3.0.2
131 silly currentTree   | `-- readable-stream@2.1.4
131 silly currentTree   +-- rechoir@0.6.2
131 silly currentTree   +-- regex-cache@0.4.3
131 silly currentTree   +-- repeat-element@1.1.2
131 silly currentTree   +-- repeat-string@1.5.4
131 silly currentTree   +-- request@2.73.0
131 silly currentTree   | +-- assert-plus@0.2.0
131 silly currentTree   | +-- async@1.5.2
131 silly currentTree   | +-- boom@2.10.1
131 silly currentTree   | +-- combined-stream@1.0.5
131 silly currentTree   | +-- cryptiles@2.0.5
131 silly currentTree   | +-- delayed-stream@1.0.0
131 silly currentTree   | +-- forever-agent@0.6.1
131 silly currentTree   | +-- form-data@1.0.0-rc4
131 silly currentTree   | +-- hawk@3.1.3
131 silly currentTree   | +-- hoek@2.16.3
131 silly currentTree   | +-- http-signature@1.1.1
131 silly currentTree   | +-- oauth-sign@0.8.2
131 silly currentTree   | +-- qs@6.2.0
131 silly currentTree   | +-- sntp@1.0.9
131 silly currentTree   | `-- tunnel-agent@0.4.3
131 silly currentTree   +-- requires-port@1.0.0
131 silly currentTree   +-- resolve@1.1.7
131 silly currentTree   +-- revalidator@0.1.8
131 silly currentTree   +-- rimraf@2.5.3
131 silly currentTree   | +-- glob@7.0.5
131 silly currentTree   | `-- minimatch@3.0.2
131 silly currentTree   +-- semver@4.3.6
131 silly currentTree   +-- send@0.10.1
131 silly currentTree   | +-- depd@1.0.1
131 silly currentTree   | +-- ee-first@1.1.0
131 silly currentTree   | `-- on-finished@2.1.1
131 silly currentTree   +-- serve-index@1.5.0
131 silly currentTree   | +-- http-errors@1.2.8
131 silly currentTree   | +-- mime-db@1.12.0
131 silly currentTree   | `-- mime-types@2.0.14
131 silly currentTree   +-- serve-static@1.7.2
131 silly currentTree   +-- set-immediate-shim@1.0.1
131 silly currentTree   +-- setprototypeof@1.0.1
131 silly currentTree   +-- sntp@0.2.4
131 silly currentTree   +-- source-map@0.5.6
131 silly currentTree   +-- sshpk@1.8.3
131 silly currentTree   | +-- asn1@0.2.3
131 silly currentTree   | `-- assert-plus@1.0.0
131 silly currentTree   +-- stack-trace@0.0.9
131 silly currentTree   +-- statuses@1.3.0
131 silly currentTree   +-- string_decoder@0.10.31
131 silly currentTree   +-- stringstream@0.0.5
131 silly currentTree   +-- strip-ansi@3.0.1
131 silly currentTree   +-- supports-color@2.0.0
131 silly currentTree   +-- tar@2.2.1
131 silly currentTree   +-- tough-cookie@2.2.2
131 silly currentTree   +-- tunnel-agent@0.3.0
131 silly currentTree   +-- tweetnacl@0.13.3
131 silly currentTree   +-- type-is@1.6.13
131 silly currentTree   +-- uglify-js@2.4.15
131 silly currentTree   | `-- source-map@0.1.34
131 silly currentTree   +-- uglify-to-browserify@1.0.2
131 silly currentTree   +-- unpipe@1.0.0
131 silly currentTree   +-- util-deprecate@1.0.2
131 silly currentTree   +-- utile@0.2.1
131 silly currentTree   +-- utils-merge@1.0.0
131 silly currentTree   +-- vary@1.0.1
131 silly currentTree   +-- verror@1.3.6
131 silly currentTree   +-- websocket.io-spec@0.2.1
131 silly currentTree   +-- winston@0.8.3
131 silly currentTree   | `-- pkginfo@0.3.1
131 silly currentTree   +-- wordwrap@0.0.3
131 silly currentTree   +-- wrappy@1.0.2
131 silly currentTree   +-- ws-spec@0.4.20
131 silly currentTree   +-- x256@0.0.2
131 silly currentTree   +-- xtend@4.0.1
131 silly currentTree   `-- yog-devtools@0.1.1
132 silly idealTree fis3
132 silly idealTree +-- fis3-postpackager-loader@2.0.5
132 silly idealTree +-- fis3@3.4.17
132 silly idealTree | +-- accepts@1.1.4
132 silly idealTree | | +-- mime-db@1.12.0
132 silly idealTree | | `-- mime-types@2.0.14
132 silly idealTree | +-- adm-zip@0.4.4
132 silly idealTree | +-- amdefine@1.0.0
132 silly idealTree | +-- ansi-regex@2.0.0
132 silly idealTree | +-- ansi-styles@2.2.1
132 silly idealTree | +-- anymatch@1.3.0
132 silly idealTree | +-- archiver@0.4.9
132 silly idealTree | | `-- iconv-lite@0.2.11
132 silly idealTree | +-- arr-diff@2.0.0
132 silly idealTree | +-- arr-flatten@1.0.1
132 silly idealTree | +-- array-unique@0.2.1
132 silly idealTree | +-- arrify@1.0.1
132 silly idealTree | +-- asn1@0.1.11
132 silly idealTree | +-- assert-plus@0.1.5
132 silly idealTree | +-- async-each@1.0.0
132 silly idealTree | +-- async@0.2.9
132 silly idealTree | +-- aws-sign@0.3.0
132 silly idealTree | +-- aws-sign2@0.6.0
132 silly idealTree | +-- aws4@1.4.1
132 silly idealTree | +-- balanced-match@0.4.1
132 silly idealTree | +-- basic-auth@1.0.4
132 silly idealTree | +-- batch@0.5.1
132 silly idealTree | +-- binary-extensions@1.5.0
132 silly idealTree | +-- bl@1.1.2
132 silly idealTree | | +-- isarray@1.0.0
132 silly idealTree | | `-- readable-stream@2.0.6
132 silly idealTree | +-- block-stream@0.0.9
132 silly idealTree | +-- bluebird@2.10.2
132 silly idealTree | +-- body-parser@1.15.2
132 silly idealTree | | +-- debug@2.2.0
132 silly idealTree | | +-- iconv-lite@0.4.13
132 silly idealTree | | +-- ms@0.7.1
132 silly idealTree | | `-- qs@6.2.0
132 silly idealTree | +-- boom@0.4.2
132 silly idealTree | +-- brace-expansion@1.1.5
132 silly idealTree | +-- braces@1.8.5
132 silly idealTree | +-- buffer-shims@1.0.0
132 silly idealTree | +-- bytes@2.4.0
132 silly idealTree | +-- caseless@0.11.0
132 silly idealTree | +-- chalk@1.1.3
132 silly idealTree | +-- chokidar@1.4.3
132 silly idealTree | +-- clean-css@1.1.7
132 silly idealTree | | `-- commander@2.0.0
132 silly idealTree | +-- colors@0.6.2
132 silly idealTree | +-- combined-stream@0.0.7
132 silly idealTree | +-- commander@1.3.2
132 silly idealTree | +-- concat-map@0.0.1
132 silly idealTree | +-- content-disposition@0.5.0
132 silly idealTree | +-- content-type@1.0.2
132 silly idealTree | +-- cookie-jar@0.3.0
132 silly idealTree | +-- cookie-signature@1.0.5
132 silly idealTree | +-- cookie@0.1.2
132 silly idealTree | +-- core-util-is@1.0.2
132 silly idealTree | +-- crc@3.2.1
132 silly idealTree | +-- cryptiles@0.2.2
132 silly idealTree | +-- ctype@0.5.3
132 silly idealTree | +-- cycle@1.0.3
132 silly idealTree | +-- dashdash@1.14.0
132 silly idealTree | | `-- assert-plus@1.0.0
132 silly idealTree | +-- debug@2.1.0
132 silly idealTree | +-- deep-equal@1.0.1
132 silly idealTree | +-- delayed-stream@0.0.5
132 silly idealTree | +-- depd@1.1.0
132 silly idealTree | +-- destroy@1.0.3
132 silly idealTree | +-- ecc-jsbn@0.1.1
132 silly idealTree | +-- ee-first@1.1.1
132 silly idealTree | +-- escape-html@1.0.1
132 silly idealTree | +-- escape-string-regexp@1.0.5
132 silly idealTree | +-- etag@1.5.1
132 silly idealTree | +-- eventemitter3@1.2.0
132 silly idealTree | +-- expand-brackets@0.1.5
132 silly idealTree | +-- expand-range@1.8.2
132 silly idealTree | +-- express@4.10.1
132 silly idealTree | | +-- depd@1.0.1
132 silly idealTree | | +-- ee-first@1.1.0
132 silly idealTree | | +-- mime-db@1.12.0
132 silly idealTree | | +-- mime-types@2.0.14
132 silly idealTree | | +-- on-finished@2.1.1
132 silly idealTree | | +-- qs@2.3.2
132 silly idealTree | | `-- type-is@1.5.7
132 silly idealTree | +-- extend@3.0.0
132 silly idealTree | +-- extglob@0.3.2
132 silly idealTree | +-- extsprintf@1.0.2
132 silly idealTree | +-- eyes@0.1.8
132 silly idealTree | +-- filename-regex@2.0.0
132 silly idealTree | +-- fill-range@2.2.3
132 silly idealTree | +-- finalhandler@0.3.2
132 silly idealTree | | +-- ee-first@1.1.0
132 silly idealTree | | `-- on-finished@2.1.1
132 silly idealTree | +-- findup-sync@0.3.0
132 silly idealTree | +-- findup@0.1.5
132 silly idealTree | | `-- commander@2.1.0
132 silly idealTree | +-- fis-command-install@0.2.17
132 silly idealTree | +-- fis-lolcat@1.0.1
132 silly idealTree | +-- fis-optimizer-clean-css@0.0.9
132 silly idealTree | +-- fis-optimizer-png-compressor@0.1.6
132 silly idealTree | +-- fis-optimizer-uglify-js@0.2.1
132 silly idealTree | +-- fis-repo-client@0.1.14
132 silly idealTree | | +-- adm-zip@0.4.3
132 silly idealTree | | +-- debug@0.8.0
132 silly idealTree | | +-- iconv-lite@0.2.11
132 silly idealTree | | `-- request@2.27.0
132 silly idealTree | +-- fis-scaffold-kernel@0.2.0
132 silly idealTree | | `-- iconv-lite@0.4.4
132 silly idealTree | +-- fis-spriter-csssprites@0.3.11
132 silly idealTree | +-- fis3-command-init@1.0.14
132 silly idealTree | | `-- bluebird@2.9.21
132 silly idealTree | +-- fis3-command-inspect@1.0.3
132 silly idealTree | +-- fis3-command-release@1.3.8
132 silly idealTree | +-- fis3-command-server@0.0.9
132 silly idealTree | +-- fis3-deploy-encoding@1.0.0
132 silly idealTree | +-- fis3-deploy-http-push@1.0.1
132 silly idealTree | +-- fis3-deploy-local-deliver@1.0.0
132 silly idealTree | +-- fis3-errors@0.0.4
132 silly idealTree | +-- fis3-hook-components@1.0.4
132 silly idealTree | +-- fis3-packager-map@1.1.3
132 silly idealTree | +-- fis3-server-node@0.1.1
132 silly idealTree | +-- flagged-respawn@0.3.2
132 silly idealTree | +-- for-in@0.1.5
132 silly idealTree | +-- for-own@0.1.4
132 silly idealTree | +-- forever-agent@0.5.2
132 silly idealTree | +-- form-data@0.1.4
132 silly idealTree | | `-- async@0.9.2
132 silly idealTree | +-- forwarded@0.1.0
132 silly idealTree | +-- fresh@0.2.4
132 silly idealTree | +-- fs.realpath@1.0.0
132 silly idealTree | +-- fstream@1.0.10
132 silly idealTree | +-- generate-function@2.0.0
132 silly idealTree | +-- generate-object-property@1.2.0
132 silly idealTree | +-- getpass@0.1.6
132 silly idealTree | | `-- assert-plus@1.0.0
132 silly idealTree | +-- glob-base@0.3.0
132 silly idealTree | +-- glob-parent@2.0.0
132 silly idealTree | +-- glob.js@0.1.0
132 silly idealTree | +-- glob@5.0.3
132 silly idealTree | +-- graceful-fs@4.1.4
132 silly idealTree | +-- graceful-readlink@1.0.1
132 silly idealTree | +-- har-validator@2.0.6
132 silly idealTree | | `-- commander@2.9.0
132 silly idealTree | +-- has-ansi@2.0.0
132 silly idealTree | +-- hawk@1.0.0
132 silly idealTree | +-- hoek@0.9.1
132 silly idealTree | +-- http-errors@1.5.0
132 silly idealTree | +-- http-proxy@1.14.0
132 silly idealTree | +-- http-signature@0.10.1
132 silly idealTree | +-- i@0.3.5
132 silly idealTree | +-- iconv-lite@0.2.10
132 silly idealTree | +-- ignore@2.2.7
132 silly idealTree | +-- images@3.0.0
132 silly idealTree | +-- inflight@1.0.5
132 silly idealTree | +-- inherits@2.0.1
132 silly idealTree | +-- ini@1.0.0
132 silly idealTree | +-- ipaddr.js@1.0.5
132 silly idealTree | +-- is-binary-path@1.0.1
132 silly idealTree | +-- is-buffer@1.1.3
132 silly idealTree | +-- is-dotfile@1.0.2
132 silly idealTree | +-- is-equal-shallow@0.1.3
132 silly idealTree | +-- is-extendable@0.1.1
132 silly idealTree | +-- is-extglob@1.0.0
132 silly idealTree | +-- is-glob@2.0.1
132 silly idealTree | +-- is-my-json-valid@2.13.1
132 silly idealTree | +-- is-number@2.1.0
132 silly idealTree | +-- is-posix-bracket@0.1.1
132 silly idealTree | +-- is-primitive@2.0.0
132 silly idealTree | +-- is-property@1.0.2
132 silly idealTree | +-- is-typedarray@1.0.0
132 silly idealTree | +-- is-utf8@0.2.0
132 silly idealTree | +-- isarray@0.0.1
132 silly idealTree | +-- isobject@2.1.0
132 silly idealTree | | `-- isarray@1.0.0
132 silly idealTree | +-- isstream@0.1.2
132 silly idealTree | +-- jodid25519@1.0.2
132 silly idealTree | +-- js-base64@2.1.2
132 silly idealTree | +-- jsbn@0.1.0
132 silly idealTree | +-- json-schema@0.2.2
132 silly idealTree | +-- json-stringify-safe@5.0.1
132 silly idealTree | +-- jsonpointer@2.0.0
132 silly idealTree | +-- jsprim@1.3.0
132 silly idealTree | +-- keypress@0.1.0
132 silly idealTree | +-- kind-of@3.0.3
132 silly idealTree | +-- liftoff@2.2.1
132 silly idealTree | | `-- extend@2.0.1
132 silly idealTree | +-- livereload-protocol@0.2.2
132 silly idealTree | | `-- debug@0.7.4
132 silly idealTree | +-- livereload-server-spec@0.2.3
132 silly idealTree | | `-- debug@0.7.4
132 silly idealTree | +-- lodash@4.12.0
132 silly idealTree | +-- media-typer@0.3.0
132 silly idealTree | +-- merge-descriptors@0.0.2
132 silly idealTree | +-- merge-source-map@1.0.1
132 silly idealTree | +-- methods@1.1.0
132 silly idealTree | +-- micromatch@2.3.11
132 silly idealTree | +-- mime-db@1.23.0
132 silly idealTree | +-- mime-types@2.1.11
132 silly idealTree | +-- mime@1.2.11
132 silly idealTree | +-- minimatch@2.0.4
132 silly idealTree | +-- minimist@1.1.1
132 silly idealTree | +-- mkdirp@0.5.1
132 silly idealTree | | `-- minimist@0.0.8
132 silly idealTree | +-- morgan@1.6.1
132 silly idealTree | | +-- debug@2.2.0
132 silly idealTree | | +-- depd@1.0.1
132 silly idealTree | | `-- ms@0.7.1
132 silly idealTree | +-- ms@0.6.2
132 silly idealTree | +-- mute-stream@0.0.6
132 silly idealTree | +-- nan@2.4.0
132 silly idealTree | +-- ncp@0.4.2
132 silly idealTree | +-- negotiator@0.4.9
132 silly idealTree | +-- node-pngcrush@0.3.7
132 silly idealTree | +-- node-pngquant-native@1.0.4
132 silly idealTree | +-- node-uuid@1.4.7
132 silly idealTree | +-- normalize-path@2.0.1
132 silly idealTree | +-- oauth-sign@0.3.0
132 silly idealTree | +-- object.omit@2.0.0
132 silly idealTree | +-- on-finished@2.3.0
132 silly idealTree | +-- on-headers@1.0.1
132 silly idealTree | +-- once@1.3.3
132 silly idealTree | +-- optimist@0.3.7
132 silly idealTree | +-- options@0.0.6
132 silly idealTree | +-- parse-glob@3.0.4
132 silly idealTree | +-- parseurl@1.3.1
132 silly idealTree | +-- path-is-absolute@1.0.0
132 silly idealTree | +-- path-to-regexp@0.1.3
132 silly idealTree | +-- pinkie-promise@2.0.1
132 silly idealTree | +-- pinkie@2.0.4
132 silly idealTree | +-- pkginfo@0.4.0
132 silly idealTree | +-- portfinder@0.4.0
132 silly idealTree | | `-- async@0.9.0
132 silly idealTree | +-- preserve@0.2.0
132 silly idealTree | +-- process-nextick-args@1.0.7
132 silly idealTree | +-- progress@1.1.8
132 silly idealTree | +-- prompt@0.2.14
132 silly idealTree | +-- proxy-addr@1.0.10
132 silly idealTree | +-- q@1.0.1
132 silly idealTree | +-- qrcode-terminal@0.10.0
132 silly idealTree | +-- qs@0.6.6
132 silly idealTree | +-- randomatic@1.1.5
132 silly idealTree | +-- range-parser@1.0.3
132 silly idealTree | +-- raw-body@2.1.7
132 silly idealTree | | `-- iconv-lite@0.4.13
132 silly idealTree | +-- read@1.0.7
132 silly idealTree | +-- readable-stream@1.0.34
132 silly idealTree | +-- readdirp@2.1.0
132 silly idealTree | | +-- isarray@1.0.0
132 silly idealTree | | +-- minimatch@3.0.2
132 silly idealTree | | `-- readable-stream@2.1.4
132 silly idealTree | +-- rechoir@0.6.2
132 silly idealTree | +-- regex-cache@0.4.3
132 silly idealTree | +-- repeat-element@1.1.2
132 silly idealTree | +-- repeat-string@1.5.4
132 silly idealTree | +-- request@2.73.0
132 silly idealTree | | +-- assert-plus@0.2.0
132 silly idealTree | | +-- async@1.5.2
132 silly idealTree | | +-- boom@2.10.1
132 silly idealTree | | +-- combined-stream@1.0.5
132 silly idealTree | | +-- cryptiles@2.0.5
132 silly idealTree | | +-- delayed-stream@1.0.0
132 silly idealTree | | +-- forever-agent@0.6.1
132 silly idealTree | | +-- form-data@1.0.0-rc4
132 silly idealTree | | +-- hawk@3.1.3
132 silly idealTree | | +-- hoek@2.16.3
132 silly idealTree | | +-- http-signature@1.1.1
132 silly idealTree | | +-- oauth-sign@0.8.2
132 silly idealTree | | +-- qs@6.2.0
132 silly idealTree | | +-- sntp@1.0.9
132 silly idealTree | | `-- tunnel-agent@0.4.3
132 silly idealTree | +-- requires-port@1.0.0
132 silly idealTree | +-- resolve@1.1.7
132 silly idealTree | +-- revalidator@0.1.8
132 silly idealTree | +-- rimraf@2.5.3
132 silly idealTree | | +-- glob@7.0.5
132 silly idealTree | | `-- minimatch@3.0.2
132 silly idealTree | +-- semver@4.3.6
132 silly idealTree | +-- send@0.10.1
132 silly idealTree | | +-- depd@1.0.1
132 silly idealTree | | +-- ee-first@1.1.0
132 silly idealTree | | `-- on-finished@2.1.1
132 silly idealTree | +-- serve-index@1.5.0
132 silly idealTree | | +-- http-errors@1.2.8
132 silly idealTree | | +-- mime-db@1.12.0
132 silly idealTree | | `-- mime-types@2.0.14
132 silly idealTree | +-- serve-static@1.7.2
132 silly idealTree | +-- set-immediate-shim@1.0.1
132 silly idealTree | +-- setprototypeof@1.0.1
132 silly idealTree | +-- sntp@0.2.4
132 silly idealTree | +-- source-map@0.5.6
132 silly idealTree | +-- sshpk@1.8.3
132 silly idealTree | | +-- asn1@0.2.3
132 silly idealTree | | `-- assert-plus@1.0.0
132 silly idealTree | +-- stack-trace@0.0.9
132 silly idealTree | +-- statuses@1.3.0
132 silly idealTree | +-- string_decoder@0.10.31
132 silly idealTree | +-- stringstream@0.0.5
132 silly idealTree | +-- strip-ansi@3.0.1
132 silly idealTree | +-- supports-color@2.0.0
132 silly idealTree | +-- tar@2.2.1
132 silly idealTree | +-- tough-cookie@2.2.2
132 silly idealTree | +-- tunnel-agent@0.3.0
132 silly idealTree | +-- tweetnacl@0.13.3
132 silly idealTree | +-- type-is@1.6.13
132 silly idealTree | +-- uglify-js@2.4.15
132 silly idealTree | | `-- source-map@0.1.34
132 silly idealTree | +-- uglify-to-browserify@1.0.2
132 silly idealTree | +-- unpipe@1.0.0
132 silly idealTree | +-- util-deprecate@1.0.2
132 silly idealTree | +-- utile@0.2.1
132 silly idealTree | +-- utils-merge@1.0.0
132 silly idealTree | +-- vary@1.0.1
132 silly idealTree | +-- verror@1.3.6
132 silly idealTree | +-- websocket.io-spec@0.2.1
132 silly idealTree | +-- winston@0.8.3
132 silly idealTree | | `-- pkginfo@0.3.1
132 silly idealTree | +-- wordwrap@0.0.3
132 silly idealTree | +-- wrappy@1.0.2
132 silly idealTree | +-- ws-spec@0.4.20
132 silly idealTree | +-- x256@0.0.2
132 silly idealTree | +-- xtend@4.0.1
132 silly idealTree | `-- yog-devtools@0.1.1
132 silly idealTree `-- source-map@0.5.6
133 silly generateActionsToTake Starting
134 silly install generateActionsToTake
135 silly generateActionsToTake Finishing
136 silly diffTrees action count 3
137 silly diffTrees move source-map@0.5.6
138 silly diffTrees update-linked fis3@3.4.17
139 silly diffTrees move fis3-postpackager-loader@2.0.5
140 silly decomposeActions action count 11
141 silly decomposeActions move source-map@0.5.6
142 silly decomposeActions build source-map@0.5.6
143 silly decomposeActions install source-map@0.5.6
144 silly decomposeActions postinstall source-map@0.5.6
145 silly decomposeActions test source-map@0.5.6
146 silly decomposeActions update-linked fis3@3.4.17
147 silly decomposeActions move fis3-postpackager-loader@2.0.5
148 silly decomposeActions build fis3-postpackager-loader@2.0.5
149 silly decomposeActions install fis3-postpackager-loader@2.0.5
150 silly decomposeActions postinstall fis3-postpackager-loader@2.0.5
151 silly decomposeActions test fis3-postpackager-loader@2.0.5
152 silly executeActions Starting
153 silly install executeActions
154 silly doSerial global-install 0
155 silly doParallel fetch 0
156 verbose correctMkdir C:\Users\Administrator\AppData\Roaming\npm-cache\_locks correctMkdir not in flight; initializing
157 verbose lock using C:\Users\Administrator\AppData\Roaming\npm-cache\_locks\staging-2ff3994652a5a7b2.lock for E:\wamp\www\github\OOP\fis3\node_modules\.staging
158 silly doParallel extract 0
159 silly doParallel preinstall 0
160 silly doReverseSerial remove 0
161 silly doSerial move 2
162 silly move E:\wamp\www\github\OOP\fis3\node_modules\fis3\node_modules\fis3-postpackager-loader\node_modules\source-map E:\wamp\www\github\OOP\fis3\node_modules\source-map
163 info lifecycle source-map@0.5.6~preuninstall: source-map@0.5.6
164 silly lifecycle source-map@0.5.6~preuninstall: no script for preuninstall, continuing
165 info lifecycle source-map@0.5.6~uninstall: source-map@0.5.6
166 silly lifecycle source-map@0.5.6~uninstall: no script for uninstall, continuing
167 verbose unbuild rmStuff source-map@0.5.6 from E:\wamp\www\github\OOP\fis3\node_modules
168 verbose unbuild rmStuff in E:\wamp\www\github\OOP\fis3\node_modules\fis3\node_modules\fis3-postpackager-loader\node_modules
169 info lifecycle source-map@0.5.6~postuninstall: source-map@0.5.6
170 silly lifecycle source-map@0.5.6~postuninstall: no script for postuninstall, continuing
171 silly move move existing destination node_modules away E:\wamp\www\github\OOP\fis3\node_modules\source-map\node_modules
172 silly move remove existing destination E:\wamp\www\github\OOP\fis3\node_modules\source-map
173 silly move make sure destination parent exists E:\wamp\www\github\OOP\fis3\node_modules
174 silly move move source node_modules away E:\wamp\www\github\OOP\fis3\node_modules\fis3\node_modules\fis3-postpackager-loader\node_modules\source-map\node_modules
175 silly move move module dir to final dest E:\wamp\www\github\OOP\fis3\node_modules\fis3\node_modules\fis3-postpackager-loader\node_modules\source-map E:\wamp\www\github\OOP\fis3\node_modules\source-map
176 verbose unlock done using C:\Users\Administrator\AppData\Roaming\npm-cache\_locks\staging-2ff3994652a5a7b2.lock for E:\wamp\www\github\OOP\fis3\node_modules\.staging
177 silly rollbackFailedOptional Starting
178 silly rollbackFailedOptional Finishing
179 silly runTopLevelLifecycles Starting
180 silly runTopLevelLifecycles Finishing
181 silly install printInstalled
182 warn optional Skipping failed optional dependency /fis3/chokidar/fsevents:
183 warn notsup Not compatible with your operating system or architecture: fsevents@1.0.14
184 warn enoent ENOENT: no such file or directory, open 'E:\wamp\www\github\OOP\fis3\package.json'
185 warn fis3 No description
186 warn fis3 No repository field.
187 warn fis3 No README data
188 warn fis3 No license field.
189 verbose stack Error: EXDEV: cross-device link not permitted, rename 'E:\wamp\www\github\OOP\fis3\node_modules\fis3\node_modules\fis3-postpackager-loader\node_modules\source-map' -> 'E:\wamp\www\github\OOP\fis3\node_modules\source-map'
189 verbose stack     at E:\nodejs\node_modules\npm\lib\install\action\move.js:86:7
189 verbose stack     at E:\nodejs\node_modules\npm\node_modules\iferr\index.js:11:16
189 verbose stack     at E:\nodejs\node_modules\npm\lib\utils\rename.js:11:14
189 verbose stack     at CB (E:\nodejs\node_modules\npm\node_modules\graceful-fs\polyfills.js:85:17)
189 verbose stack     at FSReqWrap.oncomplete (fs.js:117:15)
189 verbose stack
189 verbose stack Error: EXDEV: cross-device link not permitted, rename 'E:\wamp\www\github\OOP\fis3\node_modules\fis3\node_modules\fis3-postpackager-loader\node_modules\source-map' -> 'E:\wamp\www\github\OOP\fis3\node_modules\source-map'
189 verbose stack     at Error (native)
190 verbose cwd E:\wamp\www\github\OOP\fis3
191 error Windows_NT 6.1.7601
192 error argv "E:\\nodejs\\node.exe" "E:\\nodejs\\node_modules\\npm\\bin\\npm-cli.js" "install" "fis3-postpackager-loader"
193 error node v6.2.1
194 error npm  v3.9.3
195 error path E:\wamp\www\github\OOP\fis3\node_modules\fis3\node_modules\fis3-postpackager-loader\node_modules\source-map
196 error code EXDEV
197 error errno -4037
198 error syscall rename
199 error EXDEV: cross-device link not permitted, rename 'E:\wamp\www\github\OOP\fis3\node_modules\fis3\node_modules\fis3-postpackager-loader\node_modules\source-map' -> 'E:\wamp\www\github\OOP\fis3\node_modules\source-map'
200 error If you need help, you may report this error at:
200 error     <https://github.com/npm/npm/issues>
201 verbose exit [ -4037, true ]
